[2015-06-10 16:54:34] START
[2015-06-10 18:45:16] CREATE needlemanWunsch.html: 0
[2015-06-10 18:46:21] DELETE mbi/views/needlemanWunsch.html: -3
[2015-06-10 18:46:56] CREATE algorithm.html: 0
[2015-06-10 18:49:39] EDIT mbi/controllers/default.py: 2
[2015-06-10 18:50:12] DELETE mbi/views/algorithm.html: -3
[2015-06-10 18:50:22] CREATE default/algorithm.html: 0
[2015-06-10 18:51:15] EDIT mbi/controllers/default.py: 0
[2015-06-10 18:51:23] EDIT mbi/controllers/default.py: 0
[2015-06-10 18:53:17] EDIT mbi/controllers/default.py: 0
[2015-06-10 18:53:18] EDIT mbi/controllers/default.py: 0
[2015-06-10 18:53:31] EDIT mbi/controllers/default.py: -1
[2015-06-10 18:53:36] EDIT mbi/controllers/default.py: 1
[2015-06-10 18:53:54] EDIT mbi/controllers/default.py: 0
[2015-06-10 18:56:08] EDIT mbi/views/default/algorithm.html: 7
[2015-06-10 18:59:51] EDIT mbi/views/default/algorithm.html: 2
[2015-06-10 19:28:36] EDIT mbi/controllers/default.py: 0
[2015-06-10 19:39:50] EDIT mbi/views/default/algorithm.html: 2
[2015-06-10 19:40:12] EDIT mbi/views/default/algorithm.html: 0
[2015-06-10 19:40:18] EDIT mbi/views/default/algorithm.html: 0
[2015-06-10 19:40:32] EDIT mbi/views/default/algorithm.html: 0
[2015-06-10 19:41:24] EDIT mbi/views/default/algorithm.html: 0
[2015-06-10 20:02:55] EDIT mbi/views/default/algorithm.html: 2
[2015-06-10 20:03:09] EDIT mbi/views/default/algorithm.html: 0
[2015-06-10 20:03:37] EDIT mbi/views/default/algorithm.html: 1
[2015-06-10 20:03:45] EDIT mbi/views/default/algorithm.html: 0
[2015-06-10 20:04:05] EDIT mbi/views/default/algorithm.html: 0
[2015-06-10 20:04:19] EDIT mbi/views/default/algorithm.html: 0
[2015-06-10 20:04:57] EDIT mbi/views/default/algorithm.html: -1
[2015-06-10 20:05:20] EDIT mbi/views/default/algorithm.html: 0
[2015-06-10 20:05:38] EDIT mbi/views/default/algorithm.html: 0
[2015-06-10 20:05:53] EDIT mbi/views/default/algorithm.html: 0
[2015-06-10 20:06:23] EDIT mbi/views/default/algorithm.html: 0
[2015-06-10 20:10:51] EDIT mbi/views/default/algorithm.html: 0
[2015-06-10 20:28:49] EDIT mbi/views/default/algorithm.html: 1
[2015-06-10 20:29:25] EDIT mbi/views/default/algorithm.html: 0
[2015-06-10 20:29:31] EDIT mbi/views/default/algorithm.html: 0
[2015-06-10 20:29:36] EDIT mbi/views/default/algorithm.html: 0
[2015-06-10 20:31:58] EDIT mbi/views/default/algorithm.html: 4
[2015-06-10 20:32:27] EDIT mbi/views/default/algorithm.html: 0
[2015-06-10 20:32:56] EDIT mbi/views/default/algorithm.html: -4
[2015-06-10 20:32:58] EDIT mbi/views/default/algorithm.html: 0
[2015-06-10 20:33:49] EDIT mbi/views/default/algorithm.html: 0
[2015-06-10 20:34:39] EDIT mbi/views/default/algorithm.html: 0
[2015-06-10 20:35:09] EDIT mbi/views/default/algorithm.html: 0
[2015-06-10 20:36:35] EDIT mbi/views/default/algorithm.html: -1
[2015-06-10 20:37:23] EDIT mbi/views/default/algorithm.html: 0
[2015-06-10 20:37:37] EDIT mbi/views/default/algorithm.html: 0
[2015-06-10 20:38:16] EDIT mbi/views/default/algorithm.html: 0
[2015-06-10 20:40:09] EDIT mbi/views/default/algorithm.html: 2
[2015-06-10 20:58:30] EDIT mbi/views/default/algorithm.html: 37
[2015-06-10 20:59:13] EDIT mbi/views/default/algorithm.html: 0
[2015-06-10 21:01:02] EDIT mbi/views/default/algorithm.html: 0
[2015-06-10 21:05:14] EDIT mbi/views/default/algorithm.html: 0
[2015-06-10 21:05:38] EDIT mbi/views/default/algorithm.html: 0
[2015-06-10 21:06:34] EDIT mbi/views/default/algorithm.html: 0
[2015-06-10 21:06:52] EDIT mbi/views/default/algorithm.html: 2
[2015-06-10 21:06:57] EDIT mbi/views/default/algorithm.html: 0
[2015-06-10 21:07:12] EDIT mbi/views/default/algorithm.html: 0
[2015-06-10 21:07:23] EDIT mbi/views/default/algorithm.html: 0
[2015-06-10 21:07:40] EDIT mbi/views/default/algorithm.html: 0
[2015-06-10 21:09:42] EDIT mbi/views/default/algorithm.html: 0
[2015-06-10 21:33:11] EDIT mbi/views/default/algorithm.html: 0
[2015-06-10 21:40:12] EDIT mbi/views/default/algorithm.html: 1
[2015-06-10 21:41:08] EDIT mbi/views/default/algorithm.html: 0
[2015-06-10 21:48:44] EDIT mbi/controllers/default.py: 1
[2015-06-10 21:49:47] EDIT mbi/views/default/algorithm.html: 1
[2015-06-10 21:50:44] EDIT mbi/views/default/algorithm.html: -12
[2015-06-10 21:51:10] EDIT mbi/views/default/algorithm.html: 13
[2015-06-10 21:52:04] EDIT mbi/controllers/default.py: 0
[2015-06-10 21:52:37] EDIT mbi/controllers/default.py: 0
[2015-06-10 21:54:33] EDIT mbi/controllers/default.py: 0
[2015-06-10 21:57:25] EDIT mbi/controllers/default.py: 0
[2015-06-10 21:58:30] EDIT mbi/views/default/algorithm.html: 1
[2015-06-10 22:00:30] EDIT mbi/controllers/default.py: 0
[2015-06-10 22:00:37] EDIT mbi/controllers/default.py: 1
[2015-06-10 22:00:46] EDIT mbi/controllers/default.py: 1
[2015-06-10 22:00:51] EDIT mbi/controllers/default.py: 0
[2015-06-10 22:00:54] EDIT mbi/controllers/default.py: 0
[2015-06-10 22:01:08] EDIT mbi/controllers/default.py: 1
[2015-06-10 22:07:03] EDIT mbi/controllers/default.py: 1
[2015-06-10 22:07:13] EDIT mbi/controllers/default.py: 1
[2015-06-10 22:07:34] EDIT mbi/controllers/default.py: 0
[2015-06-10 22:08:12] EDIT mbi/controllers/default.py: 0
[2015-06-10 22:08:15] EDIT mbi/controllers/default.py: 0
[2015-06-10 22:08:42] EDIT mbi/views/default/algorithm.html: -1
[2015-06-10 22:08:52] EDIT mbi/controllers/default.py: 0
[2015-06-10 22:09:20] EDIT mbi/controllers/default.py: 0
[2015-06-10 22:10:07] EDIT mbi/controllers/default.py: 0
[2015-06-10 22:10:50] EDIT mbi/controllers/default.py: 0
[2015-06-10 22:10:53] EDIT mbi/controllers/default.py: 0
[2015-06-10 22:10:55] EDIT mbi/controllers/default.py: 0
[2015-06-10 22:10:57] EDIT mbi/controllers/default.py: 0
[2015-06-10 22:13:11] EDIT mbi/controllers/default.py: 0
[2015-06-10 22:13:55] EDIT mbi/controllers/default.py: 0
[2015-06-10 22:14:12] EDIT mbi/controllers/default.py: 0
[2015-06-10 22:15:40] EDIT mbi/controllers/default.py: 0
[2015-06-10 22:19:45] EDIT mbi/controllers/default.py: 1
[2015-06-10 22:20:15] EDIT mbi/controllers/default.py: 0
[2015-06-10 22:23:49] EDIT mbi/views/default/algorithm.html: 0
[2015-06-10 22:24:38] EDIT mbi/views/default/algorithm.html: 0
[2015-06-10 22:25:04] EDIT mbi/views/default/algorithm.html: 0
[2015-06-10 22:26:45] EDIT mbi/controllers/default.py: 1
[2015-06-10 22:27:36] EDIT mbi/controllers/default.py: 1
[2015-06-10 22:27:40] EDIT mbi/views/default/algorithm.html: 1
[2015-06-10 22:32:13] EDIT mbi/controllers/default.py: 0
[2015-06-10 22:33:14] EDIT mbi/controllers/default.py: 0
[2015-06-10 22:33:37] EDIT mbi/views/default/algorithm.html: 0
[2015-06-10 22:33:52] EDIT mbi/controllers/default.py: 0
[2015-06-10 22:36:49] EDIT mbi/controllers/default.py: 0
[2015-06-10 22:43:06] EDIT mbi/controllers/default.py: 1
[2015-06-10 22:43:13] EDIT mbi/controllers/default.py: 0
[2015-06-10 22:43:18] EDIT mbi/controllers/default.py: -1
[2015-06-10 22:43:59] EDIT mbi/controllers/default.py: 0
[2015-06-10 22:45:23] EDIT mbi/controllers/default.py: 0
[2015-06-10 22:45:37] EDIT mbi/controllers/default.py: 0
[2015-06-10 22:46:35] EDIT mbi/controllers/default.py: 0
[2015-06-10 22:46:57] EDIT mbi/controllers/default.py: 0
[2015-06-10 22:47:19] EDIT mbi/controllers/default.py: 0
[2015-06-10 22:48:51] EDIT mbi/controllers/default.py: 0
[2015-06-10 22:48:53] EDIT mbi/controllers/default.py: 0
[2015-06-10 22:49:12] EDIT mbi/controllers/default.py: 0
[2015-06-10 22:49:33] EDIT mbi/controllers/default.py: 0
[2015-06-10 22:51:44] EDIT mbi/controllers/default.py: -1
[2015-06-10 22:51:56] EDIT mbi/controllers/default.py: 0
